<?xml version='1.0' encoding='UTF-8'?>
<testsuite hostname="dreamadmin-Lenovo-H430" name="ApplicationSpec" tests="2" errors="0" failures="1" time="-0.002">
                     <properties>
[...]
</properties>
                     <testcase classname="ApplicationSpec" name="(It is not a test)" time="-0.001">
                                                 
                                               </testcase><testcase classname="ApplicationSpec" name="(It is not a test)" time="-0.001">
                                                 <failure message="'
 


&lt;!DOCTYPE html&gt;

&lt;html&gt;
    &lt;head&gt;
        &lt;title&gt;Welcome to Play 2.0&lt;/title&gt;
        &lt;link rel=&quot;stylesheet&quot; media=&quot;screen&quot; href=&quot;/assets/stylesheets/main.css&quot;&gt;
        &lt;link rel=&quot;shortcut icon&quot; type=&quot;image/png&quot; href=&quot;/assets/images/favicon.png&quot;&gt;
        &lt;script src=&quot;/assets/javascripts/hello.js&quot; type=&quot;text/javascript&quot;&gt;&lt;/script&gt;
    &lt;/head&gt;
    &lt;body&gt;
        
 
     

&lt;form action=&quot;/addBar&quot; method=&quot;POST&quot; &gt;
    
        









&lt;dl class=&quot; &quot; id=&quot;name_field&quot;&gt;
    
    &lt;dt&gt;&lt;label for=&quot;name&quot;&gt;name&lt;/label&gt;&lt;/dt&gt;
    
    &lt;dd&gt;
    &lt;input type=&quot;text&quot; id=&quot;name&quot; name=&quot;name&quot; value=&quot;&quot; /&gt;
&lt;/dd&gt;
    
    
        &lt;dd class=&quot;info&quot;&gt;Required&lt;/dd&gt;
    
&lt;/dl&gt;



        &lt;input type=&quot;submit&quot;/&gt;
    
&lt;/form&gt;

 

    &lt;/body&gt;
&lt;/html&gt;

' doesn't contain 'Your new application is ready.'" type="sbt.ForkMain$ForkError">sbt.ForkMain$ForkError: '
 


&lt;!DOCTYPE html&gt;

&lt;html&gt;
    &lt;head&gt;
        &lt;title&gt;Welcome to Play 2.0&lt;/title&gt;
        &lt;link rel=&quot;stylesheet&quot; media=&quot;screen&quot; href=&quot;/assets/stylesheets/main.css&quot;&gt;
        &lt;link rel=&quot;shortcut icon&quot; type=&quot;image/png&quot; href=&quot;/assets/images/favicon.png&quot;&gt;
        &lt;script src=&quot;/assets/javascripts/hello.js&quot; type=&quot;text/javascript&quot;&gt;&lt;/script&gt;
    &lt;/head&gt;
    &lt;body&gt;
        
 
     

&lt;form action=&quot;/addBar&quot; method=&quot;POST&quot; &gt;
    
        









&lt;dl class=&quot; &quot; id=&quot;name_field&quot;&gt;
    
    &lt;dt&gt;&lt;label for=&quot;name&quot;&gt;name&lt;/label&gt;&lt;/dt&gt;
    
    &lt;dd&gt;
    &lt;input type=&quot;text&quot; id=&quot;name&quot; name=&quot;name&quot; value=&quot;&quot; /&gt;
&lt;/dd&gt;
    
    
        &lt;dd class=&quot;info&quot;&gt;Required&lt;/dd&gt;
    
&lt;/dl&gt;



        &lt;input type=&quot;submit&quot;/&gt;
    
&lt;/form&gt;

 

    &lt;/body&gt;
&lt;/html&gt;

' doesn't contain 'Your new application is ready.'
	at ApplicationSpec$$anonfun$2$$anonfun$apply$3$$anon$2.delayedEndpoint$ApplicationSpec$$anonfun$2$$anonfun$apply$3$$anon$2$1(ApplicationSpec.scala:27)
	at ApplicationSpec$$anonfun$2$$anonfun$apply$3$$anon$2$delayedInit$body.apply(ApplicationSpec.scala:22)
	at play.api.test.WithApplication$$anonfun$around$1.apply(Specs.scala:23)
	at play.api.test.WithApplication$$anonfun$around$1.apply(Specs.scala:23)
	at play.api.test.PlayRunners$class.running(Helpers.scala:49)
	at play.api.test.Helpers$.running(Helpers.scala:403)
	at play.api.test.WithApplication.around(Specs.scala:23)
	at play.api.test.WithApplication.delayedInit(Specs.scala:20)
	at ApplicationSpec$$anonfun$2$$anonfun$apply$3$$anon$2.&lt;init&gt;(ApplicationSpec.scala:22)
	at ApplicationSpec$$anonfun$2$$anonfun$apply$3.apply(ApplicationSpec.scala:22)
	at ApplicationSpec$$anonfun$2$$anonfun$apply$3.apply(ApplicationSpec.scala:22)
</failure>
                                               </testcase>
                     <system-out></system-out>
                     <system-err></system-err>
                   </testsuite>